<?xml version="1.0" encoding="utf-8"?><testsuites name="pytest tests"><testsuite name="pytest" errors="0" failures="0" skipped="0" tests="46" time="76.540" timestamp="2026-02-17T21:26:19.767421+00:00" hostname="1cdf4f92fd06"><properties>
[...]
</properties><testcase classname="tests.test_contract" name="test_api_contract[GET /alerts/]" time="1.174" /><testcase classname="tests.test_contract" name="test_api_contract[POST /alerts/{alert_id}/ack]" time="0.854" /><testcase classname="tests.test_contract" name="test_api_contract[GET /audit/]" time="1.164" /><testcase classname="tests.test_contract" name="test_api_contract[POST /auth/login]" time="0.831" /><testcase classname="tests.test_contract" name="test_api_contract[POST /auth/register]" time="1.073" /><testcase classname="tests.test_contract" name="test_api_contract[GET /categories/]" time="0.970" /><testcase classname="tests.test_contract" name="test_api_contract[POST /categories/]" time="0.884" /><testcase classname="tests.test_contract" name="test_api_contract[DELETE /categories/{category_id}]" time="0.819" /><testcase classname="tests.test_contract" name="test_api_contract[GET /categories/{category_id}]" time="0.823" /><testcase classname="tests.test_contract" name="test_api_contract[PATCH /categories/{category_id}]" time="0.852" /><testcase classname="tests.test_contract" name="test_api_contract[GET /events/]" time="1.051" /><testcase classname="tests.test_contract" name="test_api_contract[POST /events/]" time="0.963" /><testcase classname="tests.test_contract" name="test_api_contract[GET /health]" time="2.820" /><testcase classname="tests.test_contract" name="test_api_contract[POST /imports/events/csv]" time="0.904" /><testcase classname="tests.test_contract" name="test_api_contract[GET /imports/reviews]" time="1.004" /><testcase classname="tests.test_contract" name="test_api_contract[POST /imports/reviews/{review_id}/approve]" time="0.821" /><testcase classname="tests.test_contract" name="test_api_contract[POST /imports/reviews/{review_id}/reject]" time="0.852" /><testcase classname="tests.test_contract" name="test_api_contract[POST /imports/transfers/csv]" time="0.935" /><testcase classname="tests.test_contract" name="test_api_contract[GET /locations/]" time="0.939" /><testcase classname="tests.test_contract" name="test_api_contract[GET /metrics]" time="0.831" /><testcase classname="tests.test_contract" name="test_api_contract[GET /movements/]" time="1.188" /><testcase classname="tests.test_contract" name="test_api_contract[POST /movements/adjust]" time="0.912" /><testcase classname="tests.test_contract" name="test_api_contract[POST /movements/in]" time="0.925" /><testcase classname="tests.test_contract" name="test_api_contract[POST /movements/out]" time="0.922" /><testcase classname="tests.test_contract" name="test_api_contract[POST /movements/transfer]" time="1.002" /><testcase classname="tests.test_contract" name="test_api_contract[GET /products/]" time="1.105" /><testcase classname="tests.test_contract" name="test_api_contract[POST /products/]" time="0.957" /><testcase classname="tests.test_contract" name="test_api_contract[DELETE /products/{product_id}]" time="0.841" /><testcase classname="tests.test_contract" name="test_api_contract[GET /products/{product_id}]" time="0.809" /><testcase classname="tests.test_contract" name="test_api_contract[PATCH /products/{product_id}]" time="0.940" /><testcase classname="tests.test_contract" name="test_api_contract[GET /products/{product_id}/label.svg]" time="0.818" /><testcase classname="tests.test_contract" name="test_api_contract[POST /products/{product_id}/label/regenerate]" time="0.828" /><testcase classname="tests.test_contract" name="test_api_contract[GET /reports/top-consumed]" time="1.049" /><testcase classname="tests.test_contract" name="test_api_contract[GET /reports/turnover]" time="1.037" /><testcase classname="tests.test_contract" name="test_api_contract[GET /stocks/]" time="0.992" /><testcase classname="tests.test_contract" name="test_api_contract[POST /stocks/]" time="0.879" /><testcase classname="tests.test_contract" name="test_api_contract[GET /stocks/{stock_id}]" time="0.814" /><testcase classname="tests.test_contract" name="test_api_contract[PATCH /stocks/{stock_id}]" time="0.918" /><testcase classname="tests.test_contract" name="test_api_contract[GET /thresholds/]" time="0.961" /><testcase classname="tests.test_contract" name="test_api_contract[POST /thresholds/]" time="0.897" /><testcase classname="tests.test_contract" name="test_api_contract[DELETE /thresholds/{threshold_id}]" time="0.813" /><testcase classname="tests.test_contract" name="test_api_contract[GET /thresholds/{threshold_id}]" time="0.806" /><testcase classname="tests.test_contract" name="test_api_contract[PATCH /thresholds/{threshold_id}]" time="0.877" /><testcase classname="tests.test_contract" name="test_api_contract[GET /users/admin-only]" time="0.810" /><testcase classname="tests.test_contract" name="test_api_contract[POST /users/fcm-token]" time="1.079" /><testcase classname="tests.test_contract" name="test_api_contract[GET /users/me]" time="0.857" /></testsuite></testsuites>